102.01.14 12:33 B D:\svg\demo2\a.xml <-- _qolnew /qolsd/todo/locali/elza/demo2 a.xml
102.01.14 12:33 B D:\svg\demo2\b0.xml <-- _qolnew /qolsd/todo/locali/elza/demo2 b0.xml
102.01.14 12:33 B D:\svg\demo2\b1.xml <-- _qolnew /qolsd/todo/locali/elza/demo2 b1.xml
102.01.14 12:33 B D:\svg\demo2\b2.xml <-- _qolnew /qolsd/todo/locali/elza/demo2 b2.xml
102.01.14 12:33 B D:\svg\demo2\b3.xml <-- _qolnew /qolsd/todo/locali/elza/demo2 b3.xml
102.01.14 12:33 B D:\svg\demo2\hid.htm <-- _qolnew /qolsd/todo/locali/elza/demo2 hid.htm
102.01.14 12:33 B D:\svg\demo2\hid2.htm <-- _qolnew /qolsd/todo/locali/elza/demo2 hid2.htm
102.01.14 12:33 B D:\svg\demo2\index.htm <-- _qolnew /qolsd/todo/locali/elza/demo2 index.htm
102.01.14 12:33 B D:\svg\demo2\l0.xml <-- _qolnew /qolsd/todo/locali/elza/demo2 l0.xml
102.01.14 12:33 B D:\svg\demo2\l0_0.xml <-- _qolnew /qolsd/todo/locali/elza/demo2 l0_0.xml
102.01.14 12:33 B D:\svg\demo2\l1.xml <-- _qolnew /qolsd/todo/locali/elza/demo2 l1.xml
102.01.14 12:33 B D:\svg\demo2\l1_0.xml <-- _qolnew /qolsd/todo/locali/elza/demo2 l1_0.xml
102.01.14 12:33 B D:\svg\demo2\layers.xml <-- _qolnew /qolsd/todo/locali/elza/demo2 layers.xml
102.01.14 12:33 B D:\svg\demo2\left.htm <-- _qolnew /qolsd/todo/locali/elza/demo2 left.htm
102.01.14 12:33 B D:\svg\demo2\main.htm <-- _qolnew /qolsd/todo/locali/elza/demo2 main.htm
102.01.14 12:33 B D:\svg\demo2\main2.htm <-- _qolnew /qolsd/todo/locali/elza/demo2 main2.htm
102.01.14 12:33 B D:\svg\demo2\moremeta.htm <-- _qolnew /qolsd/todo/locali/elza/demo2 moremeta.htm
102.01.14 12:33 B D:\svg\demo2\p0.xml <-- _qolnew /qolsd/todo/locali/elza/demo2 p0.xml
102.01.14 12:33 B D:\svg\demo2\p1.xml <-- _qolnew /qolsd/todo/locali/elza/demo2 p1.xml
102.01.14 12:33 B D:\svg\demo2\p2.xml <-- _qolnew /qolsd/todo/locali/elza/demo2 p2.xml
102.01.14 12:33 B D:\svg\demo2\p3.xml <-- _qolnew /qolsd/todo/locali/elza/demo2 p3.xml
102.01.14 12:33 B D:\svg\demo2\p4.xml <-- _qolnew /qolsd/todo/locali/elza/demo2 p4.xml
102.01.14 12:33 B D:\svg\demo2\p5.xml <-- _qolnew /qolsd/todo/locali/elza/demo2 p5.xml
102.01.14 12:33 B D:\svg\demo2\p6.xml <-- _qolnew /qolsd/todo/locali/elza/demo2 p6.xml
102.01.14 12:33 B D:\svg\demo2\svg_asv.svgz <-- _qolnew /qolsd/todo/locali/elza/demo2 svg_asv.svgz
