100.11.15 12:06 B D:\svg\axiom13\mess.svg --> ftp.qolsandiego.net /todo/svg/axiom13 mess.svg
101.02.06 14:42 B D:\svg\axiom13\mess.svg <-- _buzz /users/app/zaslavsk/bra_0122 mess.svg
101.03.19 12:30 B D:\svg\axiom13\mess.js <-- _buzz /users/app/zaslavsk/March2001/axiom13 mess.js
101.03.19 12:36 B D:\svg\axiom13\mess.js --> ftp.qolsandiego.net /qolsd/todo/svg/axiom13 mess.js
101.04.03 12:24 B D:\svg\axiom13\mess.js <-- _buzz /users/app/zaslavsk/exchangedir mess.js
101.04.03 12:27 B D:\svg\axiom13\mess.js --> www.elzaresearch.com /home/httpd/html/elzaresearch/landv/axiom mess.js
102.01.14 12:35 B D:\svg\axiom\alert.htm <-- _qolnew /qolsd/todo/locali/elza/axiom alert.htm
102.01.14 12:35 B D:\svg\axiom\annoedit.htm <-- _qolnew /qolsd/todo/locali/elza/axiom annoedit.htm
102.01.14 12:35 B D:\svg\axiom\colorer.htm <-- _qolnew /qolsd/todo/locali/elza/axiom colorer.htm
102.01.14 12:35 B D:\svg\axiom\globals.js.gz <-- _qolnew /qolsd/todo/locali/elza/axiom globals.js.gz
102.01.14 12:35 B D:\svg\axiom\help.htm <-- _qolnew /qolsd/todo/locali/elza/axiom help.htm
102.01.14 12:35 B D:\svg\axiom\hiermenu.js.gz <-- _qolnew /qolsd/todo/locali/elza/axiom hiermenu.js.gz
102.01.14 12:35 B D:\svg\axiom\identi.htm <-- _qolnew /qolsd/todo/locali/elza/axiom identi.htm
102.01.14 12:35 B D:\svg\axiom\init_project.js.gz <-- _qolnew /qolsd/todo/locali/elza/axiom init_project.js.gz
102.01.14 12:35 B D:\svg\axiom\layout_navigat.js.gz <-- _qolnew /qolsd/todo/locali/elza/axiom layout_navigat.js.gz
102.01.14 12:35 B D:\svg\axiom\left1.htm <-- _qolnew /qolsd/todo/locali/elza/axiom left1.htm
102.01.14 12:35 B D:\svg\axiom\mess.xml <-- _qolnew /qolsd/todo/locali/elza/axiom mess.xml
102.01.14 12:35 B D:\svg\axiom\messa.xml <-- _qolnew /qolsd/todo/locali/elza/axiom messa.xml
102.01.14 12:35 B D:\svg\axiom\painter.htm <-- _qolnew /qolsd/todo/locali/elza/axiom painter.htm
102.01.14 12:35 B D:\svg\axiom\prnt.htm <-- _qolnew /qolsd/todo/locali/elza/axiom prnt.htm
102.01.14 12:35 B D:\svg\axiom\right.htm <-- _qolnew /qolsd/todo/locali/elza/axiom right.htm
102.01.14 12:35 B D:\svg\axiom\savevari.htm <-- _qolnew /qolsd/todo/locali/elza/axiom savevari.htm
102.01.14 12:35 B D:\svg\axiom\selbox.js.gz <-- _qolnew /qolsd/todo/locali/elza/axiom selbox.js.gz
102.01.14 12:35 B D:\svg\axiom\svg_test.svg <-- _qolnew /qolsd/todo/locali/elza/axiom svg_test.svg
102.01.14 12:35 B D:\svg\axiom\svgcheck.js <-- _qolnew /qolsd/todo/locali/elza/axiom svgcheck.js
102.01.14 12:35 B D:\svg\axiom\svgcheck.vbs <-- _qolnew /qolsd/todo/locali/elza/axiom svgcheck.vbs
102.01.14 12:35 B D:\svg\axiom\svgdownload.gif <-- _qolnew /qolsd/todo/locali/elza/axiom svgdownload.gif
102.01.14 12:35 B D:\svg\axiom\table.html <-- _qolnew /qolsd/todo/locali/elza/axiom table.html
102.01.14 12:35 B D:\svg\axiom\thematic.js.gz <-- _qolnew /qolsd/todo/locali/elza/axiom thematic.js.gz
102.01.14 12:35 B D:\svg\axiom\titledit.htm <-- _qolnew /qolsd/todo/locali/elza/axiom titledit.htm
102.01.14 12:35 B D:\svg\axiom\vertmy.js.gz <-- _qolnew /qolsd/todo/locali/elza/axiom vertmy.js.gz
